<?xml version="1.0" encoding="UTF-8"?>
<!-- Generated by org.testng.reporters.JUnitXMLReporter -->
<testsuite ignored="0" hostname="syeds19-pc" failures="0" tests="3" name="Default test" time="36.992" errors="0" timestamp="2024-06-16T23:00:36 IST">
  <testcase classname="magento.p1.Tests.AddProductToCartTest" name="testAddProductToCart" time="6.172"/>
  <testcase classname="magento.p1.Tests.AddProductToCartTest" name="testAddProductToCart" time="6.581"/>
  <testcase classname="magento.p1.Tests.AddProductToCartTest" name="testAddProductToCart" time="6.563"/>
</testsuite> <!-- Default test -->
